<?xml version="1.0" encoding="UTF-8" ?>
<testsuite tests="5" failures="0" name="com.epam.training.student_Dzmitry_Tatarski.maven_build_tools.AppTest" time="0" errors="0" skipped="1">
  <properties>
[...]
</properties>
  <testcase classname="com.epam.training.student_Dzmitry_Tatarski.maven_build_tools.AppTest" name="testShouldBeFailed" time="0"/>
  <testcase classname="com.epam.training.student_Dzmitry_Tatarski.maven_build_tools.AppTest" name="testShouldBePassed" time="0"/>
  <testcase classname="com.epam.training.student_Dzmitry_Tatarski.maven_build_tools.AppTest" name="testAnotherMethod" time="0"/>
  <testcase classname="com.epam.training.student_Dzmitry_Tatarski.maven_build_tools.AppTest" name="testAnotherClass" time="0"/>
  <testcase classname="com.epam.training.student_Dzmitry_Tatarski.maven_build_tools.AppTest" name="testShouldBeSKipped" time="0">
    <skipped message="Not implemented yet"/>
  </testcase>
</testsuite>